<?xml version="1.0" encoding="UTF-8"?>
<testng-results ignored="0" total="3" passed="2" failed="1" skipped="0">
  <reporter-output>
  </reporter-output>
  <suite started-at="2025-02-08T08:14:39 IST" name="Default suite" finished-at="2025-02-08T08:14:47 IST" duration-ms="8170">
    <groups>
    </groups>
    <test started-at="2025-02-08T08:14:39 IST" name="Default test" finished-at="2025-02-08T08:14:47 IST" duration-ms="8170">
      <class name="automation.tests.PetStoreTests">
        <test-method is-config="true" signature="setup()[pri:0, instance:automation.tests.PetStoreTests@557caf28]" started-at="2025-02-08T08:14:39 IST" name="setup" finished-at="2025-02-08T08:14:39 IST" duration-ms="652" status="PASS">
          <reporter-output>
          </reporter-output>
        </test-method> <!-- setup -->
        <test-method signature="addNewPet()[pri:0, instance:automation.tests.PetStoreTests@557caf28]" started-at="2025-02-08T08:14:39 IST" name="addNewPet" finished-at="2025-02-08T08:14:43 IST" duration-ms="3600" status="PASS">
          <reporter-output>
          </reporter-output>
        </test-method> <!-- addNewPet -->
        <test-method is-config="true" signature="setup()[pri:0, instance:automation.tests.PetStoreTests@557caf28]" started-at="2025-02-08T08:14:43 IST" name="setup" finished-at="2025-02-08T08:14:43 IST" duration-ms="1" status="PASS">
          <reporter-output>
          </reporter-output>
        </test-method> <!-- setup -->
        <test-method signature="findPetsByStatus()[pri:0, instance:automation.tests.PetStoreTests@557caf28]" started-at="2025-02-08T08:14:43 IST" name="findPetsByStatus" finished-at="2025-02-08T08:14:45 IST" duration-ms="2402" status="FAIL">
          <exception class="java.lang.ClassCastException">
            <message>
              <![CDATA[class java.util.ArrayList cannot be cast to class java.lang.String (java.util.ArrayList and java.lang.String are in module java.base of loader 'bootstrap')]]>
            </message>
            <full-stacktrace>
              <![CDATA[java.lang.ClassCastException: class java.util.ArrayList cannot be cast to class java.lang.String (java.util.ArrayList and java.lang.String are in module java.base of loader 'bootstrap')
at automation.tests.PetStoreTests.findPetsByStatus(PetStoreTests.java:94)
at java.base/jdk.internal.reflect.DirectMethodHandleAccessor.invoke(DirectMethodHandleAccessor.java:103)
at java.base/java.lang.reflect.Method.invoke(Method.java:580)
at org.testng.internal.invokers.MethodInvocationHelper.invokeMethod(MethodInvocationHelper.java:139)
at org.testng.internal.invokers.TestInvoker.invokeMethod(TestInvoker.java:677)
at org.testng.internal.invokers.TestInvoker.invokeTestMethod(TestInvoker.java:221)
at org.testng.internal.invokers.MethodRunner.runInSequence(MethodRunner.java:50)
at org.testng.internal.invokers.TestInvoker$MethodInvocationAgent.invoke(TestInvoker.java:969)
at org.testng.internal.invokers.TestInvoker.invokeTestMethods(TestInvoker.java:194)
at org.testng.internal.invokers.TestMethodWorker.invokeTestMethods(TestMethodWorker.java:148)
at org.testng.internal.invokers.TestMethodWorker.run(TestMethodWorker.java:128)
at java.base/java.util.ArrayList.forEach(ArrayList.java:1597)
at org.testng.TestRunner.privateRun(TestRunner.java:829)
at org.testng.TestRunner.run(TestRunner.java:602)
at org.testng.SuiteRunner.runTest(SuiteRunner.java:437)
at org.testng.SuiteRunner.runSequentially(SuiteRunner.java:431)
at org.testng.SuiteRunner.privateRun(SuiteRunner.java:391)
at org.testng.SuiteRunner.run(SuiteRunner.java:330)
at org.testng.SuiteRunnerWorker.runSuite(SuiteRunnerWorker.java:52)
at org.testng.SuiteRunnerWorker.run(SuiteRunnerWorker.java:95)
at org.testng.TestNG.runSuitesSequentially(TestNG.java:1256)
at org.testng.TestNG.runSuitesLocally(TestNG.java:1176)
at org.testng.TestNG.runSuites(TestNG.java:1099)
at org.testng.TestNG.run(TestNG.java:1067)
at org.testng.remote.AbstractRemoteTestNG.run(AbstractRemoteTestNG.java:115)
at org.testng.remote.RemoteTestNG.initAndRun(RemoteTestNG.java:293)
at org.testng.remote.RemoteTestNG.main(RemoteTestNG.java:91)
]]>
            </full-stacktrace>
          </exception> <!-- java.lang.ClassCastException -->
          <reporter-output>
          </reporter-output>
        </test-method> <!-- findPetsByStatus -->
        <test-method is-config="true" signature="setup()[pri:0, instance:automation.tests.PetStoreTests@557caf28]" started-at="2025-02-08T08:14:45 IST" name="setup" finished-at="2025-02-08T08:14:45 IST" duration-ms="1" status="PASS">
          <reporter-output>
          </reporter-output>
        </test-method> <!-- setup -->
        <test-method signature="updateExistingPet()[pri:0, instance:automation.tests.PetStoreTests@557caf28]" started-at="2025-02-08T08:14:45 IST" name="updateExistingPet" finished-at="2025-02-08T08:14:47 IST" duration-ms="1467" status="PASS">
          <reporter-output>
          </reporter-output>
        </test-method> <!-- updateExistingPet -->
      </class> <!-- automation.tests.PetStoreTests -->
    </test> <!-- Default test -->
  </suite> <!-- Default suite -->
</testng-results>
